<?xml version="1.0" ?>
<coverage version="7.16.1" timestamp="1789828220152" lines-valid="20" lines-covered="14" line-rate="0.7" branches-valid="10" branches-covered="4" branch-rate="0.4" complexity="0">
	<!-- Generated by coverage.py: https://coverage.readthedocs.io/en/7.16.1 -->
	<!-- Based on https://raw.githubusercontent.com/cobertura/web/master/htdocs/xml/coverage-04.dtd -->
	<sources>
		<source>/repo</source>
	</sources>
	<packages>
		<package name="." line-rate="0.7" branch-rate="0.4" complexity="0">
			<classes>
				<class name="sample.py" filename="sample.py" complexity="0" line-rate="0.7" branch-rate="0.4">
					<methods/>
					<lines>
						<line number="1" hits="1"/>
						<line number="2" hits="1" branch="true" condition-coverage="100% (2/2)"/>
						<line number="3" hits="1"/>
						<line number="4" hits="1"/>
						<line number="7" hits="1"/>
						<line number="8" hits="1" branch="true" condition-coverage="50% (1/2)" missing-branches="10"/>
						<line number="9" hits="1"/>
						<line number="10" hits="0"/>
						<line number="13" hits="1"/>
						<line number="15" hits="1" branch="true" condition-coverage="50% (1/2)" missing-branches="17"/>
						<line number="16" hits="1"/>
						<line number="17" hits="0" branch="true" condition-coverage="0% (0/2)" missing-branches="18,19"/>
						<line number="18" hits="0"/>
						<line number="19" hits="0" branch="true" condition-coverage="0% (0/2)" missing-branches="20,21"/>
						<line number="20" hits="0"/>
						<line number="21" hits="0"/>
						<line number="24" hits="1"/>
						<line number="25" hits="1"/>
						<line number="26" hits="1"/>
						<line number="27" hits="1"/>
					</lines>
				</class>
			</classes>
		</package>
	</packages>
</coverage>
